<?xml version="1.0" encoding="UTF-8"?>
<!-- Generated by org.testng.reporters.JUnitReportReporter -->
<testsuite hostname="LAPTOP-F1663RVI" name="com.pages.homepage.FirstTestNgClass" tests="1" failures="0" timestamp="29 Aug 2020 00:38:25 GMT" time="0.012" errors="0">
  <testcase name="setBrowerPath" time="0.012" classname="com.pages.homepage.FirstTestNgClass"/>
</testsuite> <!-- com.pages.homepage.FirstTestNgClass -->
