<?xml version="1.0" encoding="UTF-8"?>
<!-- Generated by org.testng.reporters.JUnitReportReporter -->
<testsuite hostname="LAPTOP-F1663RVI" name="com.pages.homepage.ValidateLoginTest" tests="4" failures="0" timestamp="5 Sep 2020 00:23:02 GMT" time="11.676" errors="0">
  <testcase name="clickonSignIn" time="1.455" classname="com.pages.homepage.ValidateLoginTest"/>
  <testcase name="login" time="5.650" classname="com.pages.homepage.ValidateLoginTest"/>
  <testcase name="verifyWebsiteLaunch" time="0.147" classname="com.pages.homepage.ValidateLoginTest"/>
  <testcase name="launchWebsite" time="4.424" classname="com.pages.homepage.ValidateLoginTest"/>
</testsuite> <!-- com.pages.homepage.ValidateLoginTest -->
